2017/03/14 16:40:29 INFO  - jmeter.util.JMeterUtils: Setting Locale to en_EN 
2017/03/14 16:40:29 INFO  - jmeter.JMeter: Loading user properties from: /home/serede/Documentos/Universidad/2016-2017/SI2/si2/jakarta-jmeter/bin/user.properties 
2017/03/14 16:40:29 INFO  - jmeter.JMeter: Loading system properties from: /home/serede/Documentos/Universidad/2016-2017/SI2/si2/jakarta-jmeter/bin/system.properties 
2017/03/14 16:40:29 INFO  - jmeter.JMeter: Copyright (c) 1998-2011 The Apache Software Foundation 
2017/03/14 16:40:29 INFO  - jmeter.JMeter: Version 2.5.1 r1177103 
2017/03/14 16:40:29 INFO  - jmeter.JMeter: java.version=1.8.0_121 
2017/03/14 16:40:29 INFO  - jmeter.JMeter: java.vm.name=OpenJDK 64-Bit Server VM 
2017/03/14 16:40:29 INFO  - jmeter.JMeter: os.name=Linux 
2017/03/14 16:40:29 INFO  - jmeter.JMeter: os.arch=amd64 
2017/03/14 16:40:29 INFO  - jmeter.JMeter: os.version=4.10.1-1-ARCH 
2017/03/14 16:40:29 INFO  - jmeter.JMeter: file.encoding=UTF-8 
2017/03/14 16:40:29 INFO  - jmeter.JMeter: Default Locale=English (EN) 
2017/03/14 16:40:29 INFO  - jmeter.JMeter: JMeter  Locale=English (EN) 
2017/03/14 16:40:29 INFO  - jmeter.JMeter: JMeterHome=/home/serede/Documentos/Universidad/2016-2017/SI2/si2/jakarta-jmeter 
2017/03/14 16:40:29 INFO  - jmeter.JMeter: user.dir  =/home/serede/Documentos/Universidad/2016-2017/SI2/si2 
2017/03/14 16:40:29 INFO  - jmeter.JMeter: PWD       =/home/serede/Documentos/Universidad/2016-2017/SI2/si2 
2017/03/14 16:40:29 INFO  - jmeter.JMeter: IP: 127.0.0.1 Name: srd-arch FullName: localhost.localdomain 
2017/03/14 16:40:29 INFO  - jmeter.JMeter: Loaded icon properties from org/apache/jmeter/images/icon.properties 
2017/03/14 16:40:30 INFO  - jmeter.engine.util.CompoundVariable: Note: Function class names must contain the string: '.functions.' 
2017/03/14 16:40:30 INFO  - jmeter.engine.util.CompoundVariable: Note: Function class names must not contain the string: '.gui.' 
2017/03/14 16:40:31 INFO  - jmeter.util.BSFTestElement: Registering JMeter version of JavaScript engine as work-round for BSF-22 
2017/03/14 16:40:31 INFO  - jmeter.protocol.http.sampler.HTTPSamplerBase: Cannot find .className property for htmlParser, using default 
2017/03/14 16:40:31 INFO  - jmeter.protocol.http.sampler.HTTPSamplerBase: Parser for text/html is  
2017/03/14 16:40:31 INFO  - jmeter.protocol.http.sampler.HTTPSamplerBase: Parser for application/xhtml+xml is  
2017/03/14 16:40:31 INFO  - jmeter.protocol.http.sampler.HTTPSamplerBase: Parser for application/xml is  
2017/03/14 16:40:31 INFO  - jmeter.protocol.http.sampler.HTTPSamplerBase: Parser for text/xml is  
2017/03/14 16:40:31 INFO  - jmeter.protocol.http.sampler.HTTPSamplerBase: Parser for text/vnd.wap.wml is org.apache.jmeter.protocol.http.parser.RegexpHTMLParser 
2017/03/14 16:40:31 INFO  - jmeter.protocol.http.sampler.HTTPSamplerBase: Reuse SSL session context on subsequent iterations: true 
2017/03/14 16:40:31 INFO  - jmeter.protocol.http.control.CookieManager: Settings: Delete null: true Check: true Allow variable: true Save: false Prefix: COOKIE_ 
2017/03/14 16:40:32 INFO  - jmeter.gui.util.MenuFactory: Skipping org.apache.jmeter.protocol.http.modifier.gui.ParamModifierGui 
2017/03/14 16:40:32 INFO  - jmeter.gui.util.MenuFactory: Skipping org.apache.jmeter.protocol.http.modifier.gui.UserParameterModifierGui 
2017/03/14 16:40:32 INFO  - jmeter.samplers.SampleResult: Note: Sample TimeStamps are START times 
2017/03/14 16:40:32 INFO  - jmeter.samplers.SampleResult: sampleresult.default.encoding is set to ISO-8859-1 
2017/03/14 16:40:32 INFO  - jmeter.samplers.SampleResult: sampleresult.useNanoTime=true 
2017/03/14 16:55:35 INFO  - jmeter.services.FileServer: Default base='/home/serede/Documentos/Universidad/2016-2017/SI2/si2' 
2017/03/14 16:55:35 INFO  - jmeter.services.FileServer: Set new base='/home/serede/Documentos/Universidad/2016-2017/SI2/si2/P2-alumnos' 
2017/03/14 16:55:35 INFO  - jmeter.save.SaveService: Testplan (JMX) version: 2.2. Testlog (JTL) version: 2.2 
2017/03/14 16:55:35 INFO  - jmeter.save.SaveService: Using SaveService properties file encoding UTF-8 
2017/03/14 16:55:35 INFO  - jmeter.save.SaveService: Using SaveService properties file version 1050447 
2017/03/14 16:55:35 INFO  - jmeter.save.SaveService: Using SaveService properties version 2.1 
2017/03/14 16:55:35 INFO  - jmeter.save.SaveService: All converter versions present and correct 
